memory profiling: sample.interval=20000
:2851917:5426513:224104664:0:
:2851917:5426513:224104664:0:
:2893355:5566669:231299936:2588:"attr.all.equal" "all.equal.numeric" "all.equal" "isSymmetric.matrix" "isSymmetric" "standardGeneric" "isSymmetric" ".m2sparse.checking" "asMethod" "as" "asCspN" ".M2T" "FUN" "lapply" "standardGeneric" "unname" ".bdiag" ".M2C" "Matrix::bdiag" "standardGeneric" "as.matrix" "draw_gamma" 
:2927153:5566669:240822960:2991:"stopifnot" "all.equal.numeric" "all.equal" "isSymmetric.matrix" "isSymmetric" "standardGeneric" "isSymmetric" ".m2sparse.checking" "asMethod" "as" "asCspN" ".M2T" "FUN" "lapply" "standardGeneric" "unname" ".bdiag" ".M2C" "Matrix::bdiag" "standardGeneric" "as.matrix" "draw_gamma" 
:2927153:5566669:240822960:0:"stopifnot" "all.equal.numeric" "all.equal" "isSymmetric.matrix" "isSymmetric" "standardGeneric" "isSymmetric" ".m2sparse.checking" "asMethod" "as" "asCspN" ".M2T" "FUN" "lapply" "standardGeneric" "unname" ".bdiag" ".M2C" "Matrix::bdiag" "standardGeneric" "as.matrix" "draw_gamma" 
:2927153:5566669:240822960:0:"stopifnot" "all.equal.numeric" "all.equal" "isSymmetric.matrix" "isSymmetric" "standardGeneric" "isSymmetric" ".m2sparse.checking" "asMethod" "as" "asCspN" ".M2T" "FUN" "lapply" "standardGeneric" "unname" ".bdiag" ".M2C" "Matrix::bdiag" "standardGeneric" "as.matrix" "draw_gamma" 
:2939397:5627822:242557560:360:"draw_gamma" 
:2236047:5185130:139451648:1924:"draw_gamma" 
:2307689:5185130:149029552:4376:"matrix" "draw_gamma" 
:2395580:5185130:160779080:5368:"%*%" "draw_gamma" 
:2567866:5204330:174113184:5605:
:2665311:5775837:184359504:5093:"+" "draw_gamma" 
:2721419:5778487:199329984:4823:".identC" "as" "asCspN" ".M2T" "FUN" "lapply" "standardGeneric" "unname" ".bdiag" ".M2C" "Matrix::bdiag" "standardGeneric" "as.matrix" "draw_gamma" 
:2806510:5839640:210592424:4782:"standardGeneric" "t" "draw_gamma" 
:2909381:5839640:224344736:6282:"standardGeneric" "t" "draw_gamma" 
:3074746:5858840:237969928:5800:"t" "standardGeneric" "t" 
:2251170:5667646:140704648:4848:
:2292469:5780753:149323328:3121:"all.equal.numeric" "all.equal" "all.equal.list" "all.equal" "attr.all.equal" "all.equal.numeric" "all.equal" "isSymmetric.matrix" "isSymmetric" "standardGeneric" "isSymmetric" ".m2sparse.checking" "asMethod" "as" "asCspN" ".M2T" "FUN" "lapply" "standardGeneric" "unname" ".bdiag" ".M2C" "Matrix::bdiag" "standardGeneric" "as.matrix" "draw_gamma" 
:2341495:5841906:159995528:3337:"t" "standardGeneric" "t" "draw_gamma" 
:2438845:5841906:173010096:5945:"draw_gamma" 
:2520985:5841906:183991248:5016:"draw_gamma" 
:2673192:5861106:195917960:5027:"t" "standardGeneric" "t" 
:2778374:5961160:206049144:4885:".C" "rpg" 
:2837987:6029263:219814952:4751:"all.equal" "isSymmetric.matrix" "isSymmetric" "standardGeneric" "isSymmetric" ".m2sparse.checking" "asMethod" "as" "asCspN" ".M2T" "FUN" "lapply" "standardGeneric" "unname" ".bdiag" ".M2C" "Matrix::bdiag" "standardGeneric" "as.matrix" "draw_gamma" 
:2917244:6090416:231839272:4725:"t" "standardGeneric" "t" "draw_gamma" 
:3010579:6090416:244317080:5701:"t" "standardGeneric" "t" "draw_gamma" 
:2262651:5719450:142932888:2693:"t" "standardGeneric" "t" "draw_gamma" 
:2418278:5738650:154763000:4955:
:2519909:5900197:164915016:4959:"t" "standardGeneric" "t" "draw_gamma" 
:2586995:5907457:181702248:5656:"FUN" "vapply" ".bdiag" ".M2C" "Matrix::bdiag" "standardGeneric" "as.matrix" "draw_gamma" 
:2688115:5967960:194707128:5691:"t" "standardGeneric" "t" "draw_gamma" 
:2775358:5967960:206370696:5329:"t" "standardGeneric" "t" "draw_gamma" 
:2931358:5987160:219137968:5428:"%*%" 
:3042278:6087214:229702088:5066:".C" "rpg" 
:3103190:6155317:243765480:4925:"all.equal" "attr.all.equal" "all.equal.numeric" "all.equal" "isSymmetric.matrix" "isSymmetric" "standardGeneric" "isSymmetric" ".m2sparse.checking" "asMethod" "as" "asCspN" ".M2T" "FUN" "lapply" "standardGeneric" "unname" ".bdiag" ".M2C" "Matrix::bdiag" "standardGeneric" "as.matrix" "draw_gamma" 
:2288227:5823443:147011984:3978:"matrix" "draw_gamma" 
:2381736:5823443:159512248:5712:"t" "standardGeneric" "t" "draw_gamma" 
:2494338:5842643:171245424:5194:
:2521495:5842643:173295640:857:"t" "standardGeneric" "t" 
:2653512:5855208:184289392:4946:"structure" "eigen" "mvrnorm" 
:2725235:6010800:195640312:4737:"mode" "data.class" "all.equal.character" "attr.all.equal" "all.equal.list" "all.equal" "attr.all.equal" "all.equal.numeric" "all.equal" "isSymmetric.matrix" "isSymmetric" "standardGeneric" "isSymmetric" ".m2sparse.checking" "asMethod" "as" "asCspN" ".M2T" "FUN" "lapply" "standardGeneric" "unname" ".bdiag" ".M2C" "Matrix::bdiag" "standardGeneric" "as.matrix" "draw_gamma" 
:2812212:6071953:211936088:5751:"draw_gamma" 
:2901049:6071953:223812400:5426:"+" "draw_gamma" 
:3008661:6091153:235657520:5285:
:2232277:5799672:138270272:4075:
:2309260:5899726:146274240:3996:".C" "rpg" 
:2361129:5967829:157796240:4120:"is.factor" "FUN" "vapply" "order" "attr.all.equal" "all.equal.numeric" "all.equal" "isSymmetric.matrix" "isSymmetric" "standardGeneric" "isSymmetric" ".m2sparse.checking" "asMethod" "as" "asCspN" ".M2T" "FUN" "lapply" "standardGeneric" "unname" ".bdiag" ".M2C" "Matrix::bdiag" "standardGeneric" "as.matrix" "draw_gamma" 
:2434716:6028982:170290568:4619:"draw_gamma" 
:2514730:6028982:180988248:4886:"t" "standardGeneric" "t" "draw_gamma" 
:2593575:6048182:191184728:4643:
:2743319:6048182:202485192:4724:
:2841562:6208829:212285976:4791:"solve" "standardGeneric" "solve" "draw_gamma" 
:2904149:6216339:227558184:5095:"getGeneric" "as" "asCspN" ".M2T" "FUN" "lapply" "standardGeneric" "unname" ".bdiag" ".M2C" "Matrix::bdiag" "standardGeneric" "as.matrix" "draw_gamma" 
:2958907:6277492:235229008:3013:"standardGeneric" "t" "draw_gamma" 
:3030478:6277492:244797112:4371:"draw_gamma" 
:2262086:4005638:144035528:3430:"t" "standardGeneric" "t" "draw_gamma" 
:2386445:4024838:155067304:4760:
:2526446:4048483:167594504:5901:
:2572447:4192995:174880328:2874:".m2sparse" ".m2sparse.checking" "asMethod" "as" "asCspN" ".M2T" "FUN" "lapply" "standardGeneric" "unname" ".bdiag" ".M2C" "Matrix::bdiag" "standardGeneric" "as.matrix" "draw_gamma" 
:2629772:4254148:188088712:4214:"draw_gamma" 
:2724136:4254148:200703944:5764:"t" "standardGeneric" "t" "draw_gamma" 
:2809421:4254148:212105432:5207:"t" "standardGeneric" "t" "draw_gamma" 
:2959221:4273348:223958000:5006:"t" "standardGeneric" "t" 
:3068642:4364402:234409616:5019:".C" "rpg" 
:3105054:4441505:241599736:2726:"all.equal.numeric" "all.equal" "all.equal.list" "all.equal" "attr.all.equal" "all.equal.numeric" "all.equal" "isSymmetric.matrix" "isSymmetric" "standardGeneric" "isSymmetric" ".m2sparse.checking" "asMethod" "as" "asCspN" ".M2T" "FUN" "lapply" "standardGeneric" "unname" ".bdiag" ".M2C" "Matrix::bdiag" "standardGeneric" "as.matrix" "draw_gamma" 
:2229270:4048478:142783256:2982:"all.equal.numeric" "all.equal" "isSymmetric.matrix" "isSymmetric" "standardGeneric" "isSymmetric" ".m2sparse.checking" "asMethod" "as" "asCspN" ".M2T" "FUN" "lapply" "standardGeneric" "unname" ".bdiag" ".M2C" "Matrix::bdiag" "standardGeneric" "as.matrix" "draw_gamma" 
:2328424:4109631:156051336:5676:"t" "standardGeneric" "t" "draw_gamma" 
:2413831:4109631:167469512:5217:"t.default" "t" "standardGeneric" "t" "draw_gamma" 
:2541133:4128831:178475696:4727:"t" "standardGeneric" "t" 
:2666613:4148471:189561848:5182:"as.matrix" "solve.default" "solve" "standardGeneric" "solve" 
:2717153:4296988:196993160:3099:"is" ".findMethodInTable" ".quickCoerceSelect" "as" "asCspN" ".M2T" "FUN" "lapply" "standardGeneric" "unname" ".bdiag" ".M2C" "Matrix::bdiag" "standardGeneric" "as.matrix" "draw_gamma" 
:2768411:4358141:209725544:3753:"matrix" "draw_gamma" 
:2855944:4358141:221427080:5346:"t" "draw_gamma" 
:2945099:4358141:233346176:5444:"t" "standardGeneric" "t" "draw_gamma" 
:3081599:4377341:244797112:4892:"standardGeneric" "t" 
:2328467:4110209:147771960:5321:"t" "standardGeneric" "t" 
:2376211:4254017:155682296:3114:"t" "mode" "attr.all.equal" "all.equal.numeric" "all.equal" "isSymmetric.matrix" "isSymmetric" "standardGeneric" "isSymmetric" ".m2sparse.checking" "asMethod" "as" "asCspN" ".M2T" "FUN" "lapply" "standardGeneric" "unname" ".bdiag" ".M2C" "Matrix::bdiag" "standardGeneric" "as.matrix" "draw_gamma" 
:2434744:4315920:168833168:4265:"t" "standardGeneric" "t" "draw_gamma" 
:2529238:4315920:181466488:5771:"t" "standardGeneric" "t" "draw_gamma" 
:2616413:4315920:193120592:5324:"t" "standardGeneric" "t" "draw_gamma" 
:2772099:4335120:205177616:5070:"t" "standardGeneric" "t" 
:2871543:4435174:214875808:4704:".C" "rpg" 
:2917757:4503277:224825160:3600:"length" "all.equal.numeric" "all.equal" "isSymmetric.matrix" "isSymmetric" "standardGeneric" "isSymmetric" ".m2sparse.checking" "asMethod" "as" "asCspN" ".M2T" "FUN" "lapply" "standardGeneric" "unname" ".bdiag" ".M2C" "Matrix::bdiag" "standardGeneric" "as.matrix" "draw_gamma" 
:2986913:4564430:237540072:4507:"t" "standardGeneric" "t" "draw_gamma" 
:2223845:4178000:138723480:4240:"draw_gamma" 
:2314250:4178000:150808896:5520:"draw_gamma" 
:2476676:4197200:163245488:5217:
:2567173:4297254:172269496:4423:".C" "rpg" 
:2630854:4365357:187074048:5204:"all.equal.numeric" "all.equal" "isSymmetric.matrix" "isSymmetric" "standardGeneric" "isSymmetric" ".m2sparse.checking" "asMethod" "as" "asCspN" ".M2T" "FUN" "lapply" "standardGeneric" "unname" ".bdiag" ".M2C" "Matrix::bdiag" "standardGeneric" "as.matrix" "draw_gamma" 
:2719266:4426510:199854984:5195:"t" "standardGeneric" "t" "draw_gamma" 
:2814480:4426510:212584176:5813:"t" "standardGeneric" "t" "draw_gamma" 
:2917028:4445710:222149088:4164:
:3049988:4451560:232654464:4554:"solve" "standardGeneric" "solve" 
:3100957:4606987:238478184:2981:"t.default" "t" "standardGeneric" "t" "draw_gamma" 
:3131311:4613867:244797112:2331:"all.equal" "isSymmetric.matrix" "isSymmetric" "standardGeneric" "isSymmetric" ".m2sparse.checking" "asMethod" "as" "asCspN" ".M2T" "FUN" "lapply" "standardGeneric" "unname" ".bdiag" ".M2C" "Matrix::bdiag" "standardGeneric" "as.matrix" "draw_gamma" 
:2243926:4220840:146328952:3072:"which" "all.equal.numeric" "all.equal" "isSymmetric.matrix" "isSymmetric" "standardGeneric" "isSymmetric" ".m2sparse.checking" "asMethod" "as" "asCspN" ".M2T" "FUN" "lapply" "standardGeneric" "unname" ".bdiag" ".M2C" "Matrix::bdiag" "standardGeneric" "as.matrix" "draw_gamma" 
:2311669:4282743:155561336:3788:"t" "draw_gamma" 
:2379105:4282743:164575992:4118:"+" "draw_gamma" 
:2440822:4282743:172826752:3770:"draw_gamma" 
:2580384:4301943:184130632:4796:
:2695481:4328635:195020560:5297:"rev" "eigen" "mvrnorm" 
:2735153:4470100:201348840:2468:"order" "attr.all.equal" "all.equal.numeric" "all.equal" "isSymmetric.matrix" "isSymmetric" "standardGeneric" "isSymmetric" ".m2sparse.checking" "asMethod" "as" "asCspN" ".M2T" "FUN" "lapply" "standardGeneric" "unname" ".bdiag" ".M2C" "Matrix::bdiag" "standardGeneric" "as.matrix" "draw_gamma" 
:2745638:4470100:204295952:937:"isSymmetric.matrix" "isSymmetric" "standardGeneric" "isSymmetric" ".m2sparse.checking" "asMethod" "as" "asCspN" ".M2T" "FUN" "lapply" "standardGeneric" "unname" ".bdiag" ".M2C" "Matrix::bdiag" "standardGeneric" "as.matrix" "draw_gamma" 
:2810716:4531253:217180208:4403:"t" "standardGeneric" "t" "draw_gamma" 
:2911369:4531253:230636000:6146:"draw_gamma" 
:3038207:4550453:244358632:6109:"standardGeneric" "t" 
:2315857:4258422:144766384:3467:
:2400192:4358476:153325200:4228:".C" "rpg" 
:2433868:4426579:159734568:2499:"stopifnot" "all.equal.numeric" "all.equal" "isSymmetric.matrix" "isSymmetric" "standardGeneric" "isSymmetric" ".m2sparse.checking" "asMethod" "as" "asCspN" ".M2T" "FUN" "lapply" "standardGeneric" "unname" ".bdiag" ".M2C" "Matrix::bdiag" "standardGeneric" "as.matrix" "draw_gamma" 
:2466311:4426579:168786856:2945:"all.equal.numeric" "all.equal" "isSymmetric.matrix" "isSymmetric" "standardGeneric" "isSymmetric" ".m2sparse.checking" "asMethod" "as" "asCspN" ".M2T" "FUN" "lapply" "standardGeneric" "unname" ".bdiag" ".M2C" "Matrix::bdiag" "standardGeneric" "as.matrix" "draw_gamma" 
:2535815:4487732:178713192:3964:"t" "standardGeneric" "t" "draw_gamma" 
:2630460:4487732:191366000:5780:"t" "standardGeneric" "t" "draw_gamma" 
:2760333:4506932:203992880:5533:"t" "standardGeneric" "t" 
:2909884:4527740:216994456:6017:"as.matrix" "solve.default" "solve" "standardGeneric" "solve" 
:2953066:4675089:222670448:2509:"all.equal.numeric" "all.equal" "isSymmetric.matrix" "isSymmetric" "standardGeneric" "isSymmetric" ".m2sparse.checking" "asMethod" "as" "asCspN" ".M2T" "FUN" "lapply" "standardGeneric" "unname" ".bdiag" ".M2C" "Matrix::bdiag" "standardGeneric" "as.matrix" "draw_gamma" 
:2995187:4675089:234424736:3830:"attr.all.equal" "all.equal.character" "attr.all.equal" "all.equal.list" "all.equal" "attr.all.equal" "all.equal.numeric" "all.equal" "isSymmetric.matrix" "isSymmetric" "standardGeneric" "isSymmetric" ".m2sparse.checking" "asMethod" "as" "asCspN" ".M2T" "FUN" "lapply" "standardGeneric" "unname" ".bdiag" ".M2C" "Matrix::bdiag" "standardGeneric" "as.matrix" "draw_gamma" 
:2216761:4350562:137515728:4437:"matrix" "draw_gamma" 
:2290879:4350562:147424088:4526:"t" "standardGeneric" "t" "draw_gamma" 
:2366337:4369762:156672320:4185:"t" "standardGeneric" "t" 
:2485399:4369762:165656288:3755:"t" "standardGeneric" "t" 
:2601744:4469816:176630272:5238:".C" "rpg" 
:2634758:4537919:182843696:2447:"getGeneric" "as" "asCspN" ".M2T" "FUN" "lapply" "standardGeneric" "unname" ".bdiag" ".M2C" "Matrix::bdiag" "standardGeneric" "as.matrix" "draw_gamma" 
:2666827:4537919:191781352:2927:"getClassDef" "is" ".findMethodInTable" ".quickCoerceSelect" "as" "asCspN" ".M2T" "FUN" "lapply" "standardGeneric" "unname" ".bdiag" ".M2C" "Matrix::bdiag" "standardGeneric" "as.matrix" "draw_gamma" 
:2751717:4599072:203940016:4927:"+" "draw_gamma" 
:2815410:4599072:212455768:3890:"matrix" "draw_gamma" 
:2877858:4599072:220804248:3814:"t" "standardGeneric" "t" "draw_gamma" 
:3002620:4618272:230383104:4021:"t" "standardGeneric" "t" 
:3119053:4643235:241235904:5235:"as.matrix" "unname" "eigen" "mvrnorm" 
:3150508:4786429:244797112:1644:"all.equal.character" "attr.all.equal" "all.equal.list" "all.equal" "attr.all.equal" "all.equal.numeric" "all.equal" "isSymmetric.matrix" "isSymmetric" "standardGeneric" "isSymmetric" ".m2sparse.checking" "asMethod" "as" "asCspN" ".M2T" "FUN" "lapply" "standardGeneric" "unname" ".bdiag" ".M2C" "Matrix::bdiag" "standardGeneric" "as.matrix" "draw_gamma" 
:2240347:4393402:144620672:2427:"stopifnot" "all.equal.numeric" "all.equal" "all.equal.list" "all.equal" "attr.all.equal" "all.equal.numeric" "all.equal" "isSymmetric.matrix" "isSymmetric" "standardGeneric" "isSymmetric" ".m2sparse.checking" "asMethod" "as" "asCspN" ".M2T" "FUN" "lapply" "standardGeneric" "unname" ".bdiag" ".M2C" "Matrix::bdiag" "standardGeneric" "as.matrix" "draw_gamma" 
:2294339:4454555:155199016:3601:"t" "standardGeneric" "t" "draw_gamma" 
:2361793:4454555:164217648:4119:"t" "standardGeneric" "t" "draw_gamma" 
:2430033:4454555:173340272:4168:"t" "standardGeneric" "t" "draw_gamma" 
:2522401:4473755:182750792:4153:"standardGeneric" "t" 
:2656108:4473755:192840312:4217:
:2723971:4633532:200257904:3776:"standardGeneric" "t" "draw_gamma" 
:2766912:4641912:209651736:3355:"eval" "eval" "match.arg" "order" "attr.all.equal" "all.equal.numeric" "all.equal" "isSymmetric.matrix" "isSymmetric" "standardGeneric" "isSymmetric" ".m2sparse.checking" "asMethod" "as" "asCspN" ".M2T" "FUN" "lapply" "standardGeneric" "unname" ".bdiag" ".M2C" "Matrix::bdiag" "standardGeneric" "as.matrix" "draw_gamma" 
:2815529:4703065:219742544:3205:"standardGeneric" "t" "draw_gamma" 
:2890360:4703065:229746552:4571:"t" "standardGeneric" "t" "draw_gamma" 
:2964052:4703065:239598576:4500:"t" "standardGeneric" "t" "draw_gamma" 
:2236095:4430784:138716312:3039:
:2352199:4430784:147476952:3662:
:2451319:4458457:157243800:4856:"dim" "nrow" "diag" "solve.default" "solve" "standardGeneric" "solve" 
:2487365:4598941:162867544:2142:"vapply" "order" "attr.all.equal" "all.equal.numeric" "all.equal" "isSymmetric.matrix" "isSymmetric" "standardGeneric" "isSymmetric" ".m2sparse.checking" "asMethod" "as" "asCspN" ".M2T" "FUN" "lapply" "standardGeneric" "unname" ".bdiag" ".M2C" "Matrix::bdiag" "standardGeneric" "as.matrix" "draw_gamma" 
:2516447:4598941:171104920:2537:"attr.all.equal" "all.equal.numeric" "all.equal" "isSymmetric.matrix" "isSymmetric" "standardGeneric" "isSymmetric" ".m2sparse.checking" "asMethod" "as" "asCspN" ".M2T" "FUN" "lapply" "standardGeneric" "unname" ".bdiag" ".M2C" "Matrix::bdiag" "standardGeneric" "as.matrix" "draw_gamma" 
:2570893:4660094:179958352:3211:"draw_gamma" 
:2640765:4660094:189299712:4268:"t.default" "t" "standardGeneric" "t" "draw_gamma" 
:2715814:4660094:199333456:4582:"t" "standardGeneric" "t" "draw_gamma" 
:2832033:4679294:209246632:4248:
:2959851:4696501:220307976:5104:"solve" "standardGeneric" "solve" 
:3007201:4847451:226118592:2742:"mode" "attr.all.equal" "all.equal.numeric" "all.equal" "isSymmetric.matrix" "isSymmetric" "standardGeneric" "isSymmetric" ".m2sparse.checking" "asMethod" "as" "asCspN" ".M2T" "FUN" "lapply" "standardGeneric" "unname" ".bdiag" ".M2C" "Matrix::bdiag" "standardGeneric" "as.matrix" "draw_gamma" 
:3045014:4847451:236769456:3343:".classEnv" "as" "asCspN" ".M2T" "FUN" "lapply" "standardGeneric" "unname" ".bdiag" ".M2C" "Matrix::bdiag" "standardGeneric" "as.matrix" "draw_gamma" 
:2237339:4522924:140073696:4228:"draw_gamma" 
:2313632:4522924:150272752:4660:"draw_gamma" 
:2378104:4522924:158892440:3936:"draw_gamma" 
:2512801:4542124:169412264:4433:
:2634031:4642178:180754280:5391:".C" "rpg" 
:2668221:4710281:187316472:2536:"logical" "vapply" "order" "attr.all.equal" "all.equal.numeric" "all.equal" "isSymmetric.matrix" "isSymmetric" "standardGeneric" "isSymmetric" ".m2sparse.checking" "asMethod" "as" "asCspN" ".M2T" "FUN" "lapply" "standardGeneric" "unname" ".bdiag" ".M2C" "Matrix::bdiag" "standardGeneric" "as.matrix" "draw_gamma" 
:2695651:4710281:194994744:2472:"vapply" "order" "attr.all.equal" "all.equal.numeric" "all.equal" "isSymmetric.matrix" "isSymmetric" "standardGeneric" "isSymmetric" ".m2sparse.checking" "asMethod" "as" "asCspN" ".M2T" "FUN" "lapply" "standardGeneric" "unname" ".bdiag" ".M2C" "Matrix::bdiag" "standardGeneric" "as.matrix" "draw_gamma" 
:2746828:4771434:203082376:2975:"t" "standardGeneric" "t" "draw_gamma" 
:2811946:4771434:211788080:3976:"matrix" "draw_gamma" 
:2898081:4771434:223303360:5260:"matrix" "draw_gamma" 
:3022371:4790634:233526328:4351:"*" 
:3146236:4813044:244717928:5303:
:2239710:4699284:139715408:1239:"matrix" "draw_gamma" 
:2290001:4704514:152189968:4192:"order" "attr.all.equal" "all.equal.numeric" "all.equal" "isSymmetric.matrix" "isSymmetric" "standardGeneric" "isSymmetric" ".m2sparse.checking" "asMethod" "as" "asCspN" ".M2T" "FUN" "lapply" "standardGeneric" "unname" ".bdiag" ".M2C" "Matrix::bdiag" "standardGeneric" "as.matrix" "draw_gamma" 
:2373752:4765667:164951192:5020:"t" "standardGeneric" "t" "draw_gamma" 
:2439928:4765667:173797008:4042:"draw_gamma" 
:2508303:4765667:182938168:4175:"t" "standardGeneric" "t" "draw_gamma" 
:2621641:4784867:191535904:3600:
:2724773:4797155:200327848:4020:"mvrnorm" 
:2758897:4884921:204087744:1877:".C" "rpg" 
:2793343:4953024:210677936:2598:"all.equal" "isSymmetric.matrix" "isSymmetric" "standardGeneric" "isSymmetric" ".m2sparse.checking" "asMethod" "as" "asCspN" ".M2T" "FUN" "lapply" "standardGeneric" "unname" ".bdiag" ".M2C" "Matrix::bdiag" "standardGeneric" "as.matrix" "draw_gamma" 
:2816692:4953024:217204848:2108:"is.factor" "FUN" "vapply" "order" "attr.all.equal" "all.equal.numeric" "all.equal" "isSymmetric.matrix" "isSymmetric" "standardGeneric" "isSymmetric" ".m2sparse.checking" "asMethod" "as" "asCspN" ".M2T" "FUN" "lapply" "standardGeneric" "unname" ".bdiag" ".M2C" "Matrix::bdiag" "standardGeneric" "as.matrix" "draw_gamma" 
:2846421:5014927:223185368:1829:"t" "standardGeneric" "t" "draw_gamma" 
:2934820:5014927:235003664:5398:"standardGeneric" "t" "draw_gamma" 
:2218273:4651244:137448136:4607:"t" "standardGeneric" "t" "draw_gamma" 
:2296017:4670444:145008808:3315:"t" "standardGeneric" "t" 
:2409021:4670444:153535760:3564:"%*%" 
:2497181:4770498:162382360:4348:".C" "rpg" 
:2534014:4838601:169651832:2799:"lapply" "standardGeneric" "unname" ".bdiag" ".M2C" "Matrix::bdiag" "standardGeneric" "as.matrix" "draw_gamma" 
:2596613:4899754:182930496:4392:"matrix" "draw_gamma" 
:2664701:4899754:192032512:4157:"t" "standardGeneric" "t" "draw_gamma" 
:2733281:4899754:201200832:4188:"t" "standardGeneric" "t" "draw_gamma" 
:2790332:4918954:207988648:3061:
:2910304:4918954:217041776:3784:"t" 
:3028585:5079061:228294976:5387:"standardGeneric" "solve" "draw_gamma" 
:3092127:5087111:243607728:5177:"getClass" ".M2T" "FUN" "lapply" "standardGeneric" "unname" ".bdiag" ".M2C" "Matrix::bdiag" "standardGeneric" "as.matrix" "draw_gamma" 
:2267494:4755237:143717448:2973:"matrix" "draw_gamma" 
:2352358:4755237:155061872:5183:"t" "standardGeneric" "t" "draw_gamma" 
:2425222:4774437:164792208:4447:
:2569737:4774437:175696920:4558:"standardGeneric" "t" 
:2674835:4820487:185813488:4878:"exp" 
:2704630:4942594:191151184:2145:"all.equal.numeric" "all.equal" "isSymmetric.matrix" "isSymmetric" "standardGeneric" "isSymmetric" ".m2sparse.checking" "asMethod" "as" "asCspN" ".M2T" "FUN" "lapply" "standardGeneric" "unname" ".bdiag" ".M2C" "Matrix::bdiag" "standardGeneric" "as.matrix" "draw_gamma" 
:2734755:4942594:199673656:2627:".M2T" "FUN" "lapply" "standardGeneric" "unname" ".bdiag" ".M2C" "Matrix::bdiag" "standardGeneric" "as.matrix" "draw_gamma" 
:2786901:5003747:208016480:3023:"t.default" "t" "standardGeneric" "t" "draw_gamma" 
:2859360:5003747:217702464:4426:"t" "standardGeneric" "t" "draw_gamma" 
:2929390:5003747:227064432:4276:"draw_gamma" 
:3042066:5022947:236901224:4233:"t" "standardGeneric" "t" 
:2218779:4731810:137374496:3356:"$" "mvrnorm" 
:2273676:4831210:143665704:3259:".C" "rpg" 
:2317003:4899313:152837440:3315:"all.equal.numeric" "all.equal" "isSymmetric.matrix" "isSymmetric" "standardGeneric" "isSymmetric" ".m2sparse.checking" "asMethod" "as" "asCspN" ".M2T" "FUN" "lapply" "standardGeneric" "unname" ".bdiag" ".M2C" "Matrix::bdiag" "standardGeneric" "as.matrix" "draw_gamma" 
:2356166:4960466:161911792:2694:"*" "draw_gamma" 
:2417633:4960466:170129792:3754:"t" "standardGeneric" "t" "draw_gamma" 
:2475771:4960466:177902032:3550:"t" "draw_gamma" 
:2541174:4960466:186646544:3994:"matrix" "draw_gamma" 
:2669821:4979666:196942536:4359:"t" "standardGeneric" "t" 
:2790502:5005183:208153624:5398:"*" 
:2832536:5147823:214842656:2588:"order" "attr.all.equal" "all.equal.numeric" "all.equal" "isSymmetric.matrix" "isSymmetric" "standardGeneric" "isSymmetric" ".m2sparse.checking" "asMethod" "as" "asCspN" ".M2T" "FUN" "lapply" "standardGeneric" "unname" ".bdiag" ".M2C" "Matrix::bdiag" "standardGeneric" "as.matrix" "draw_gamma" 
:2858548:5147823:222214832:2262:"match.arg" "order" "attr.all.equal" "all.equal.numeric" "all.equal" "isSymmetric.matrix" "isSymmetric" "standardGeneric" "isSymmetric" ".m2sparse.checking" "asMethod" "as" "asCspN" ".M2T" "FUN" "lapply" "standardGeneric" "unname" ".bdiag" ".M2C" "Matrix::bdiag" "standardGeneric" "as.matrix" "draw_gamma" 
:2905120:5208976:230160000:2752:"matrix" "draw_gamma" 
:2960636:5208976:237581456:3389:"t" "standardGeneric" "t" "draw_gamma" 
:3004790:5208976:243484080:2697:"standardGeneric" "t" "draw_gamma" 
:2252267:4823606:141793288:2644:"t" "standardGeneric" "t" "draw_gamma" 
:2341052:4842806:150262952:3700:"t" "standardGeneric" "t" 
:2467621:4842806:159813136:3992:
:2551973:5010833:169337056:4848:"as.matrix" "solve.default" "solve" "standardGeneric" "solve" "draw_gamma" 
:2594881:5010963:181485360:3735:"stopifnot" "is" ".findMethodInTable" ".quickCoerceSelect" "as" "asCspN" ".M2T" "FUN" "lapply" "standardGeneric" "unname" ".bdiag" ".M2C" "Matrix::bdiag" "standardGeneric" "as.matrix" "draw_gamma" 
:2652163:5072116:190112664:3278:"draw_gamma" 
:2719082:5072116:199058832:4088:"t" "standardGeneric" "t" "draw_gamma" 
:2781767:5072116:207439064:3828:"t" "standardGeneric" "t" "draw_gamma" 
:2873498:5091316:215995584:3723:
:2989621:5091316:224759248:3664:"%*%" 
:3059671:5191370:232239448:3777:".C" "rpg" 
:3094276:5259473:238960904:2535:"getClassDef" ".classEnv" "as" "asCspN" ".M2T" "FUN" "lapply" "standardGeneric" "unname" ".bdiag" ".M2C" "Matrix::bdiag" "standardGeneric" "as.matrix" "draw_gamma" 
:2222704:4866446:138104904:2003:".m2sparse.checking" "asMethod" "as" "asCspN" ".M2T" "FUN" "lapply" "standardGeneric" "unname" ".bdiag" ".M2C" "Matrix::bdiag" "standardGeneric" "as.matrix" "draw_gamma" 
:2275194:4927599:146790280:3115:"t" "standardGeneric" "t" "draw_gamma" 
:2336937:4927599:155044232:3770:"draw_gamma" 
:2397864:4927599:163188648:3721:"standardGeneric" "t" "draw_gamma" 
:2488674:4946799:172636072:4183:"t" "standardGeneric" "t" 
:2609940:4946799:181786752:3825:"%*%" 
:2692234:5046853:190190728:4163:".C" "rpg" 
:2722120:5114956:195563200:2136:"attr.all.equal" "all.equal.list" "all.equal" "attr.all.equal" "all.equal.numeric" "all.equal" "isSymmetric.matrix" "isSymmetric" "standardGeneric" "isSymmetric" ".m2sparse.checking" "asMethod" "as" "asCspN" ".M2T" "FUN" "lapply" "standardGeneric" "unname" ".bdiag" ".M2C" "Matrix::bdiag" "standardGeneric" "as.matrix" "draw_gamma" 
:2764262:5114956:207449312:3718:"attr.all.equal" "all.equal.character" "attr.all.equal" "all.equal.list" "all.equal" "attr.all.equal" "all.equal.numeric" "all.equal" "isSymmetric.matrix" "isSymmetric" "standardGeneric" "isSymmetric" ".m2sparse.checking" "asMethod" "as" "asCspN" ".M2T" "FUN" "lapply" "standardGeneric" "unname" ".bdiag" ".M2C" "Matrix::bdiag" "standardGeneric" "as.matrix" "draw_gamma" 
:2867035:5176109:220780952:5801:"matrix" "draw_gamma" 
:2954409:5176109:232460592:5335:"standardGeneric" "t" "draw_gamma" 
:3085541:5195309:243259240:4597:"standardGeneric" "t" 
:2286382:4908233:142760016:2977:"solve.default" "solve" "standardGeneric" "solve" 
:2341020:5065585:149032072:3223:"standardGeneric" "t" "draw_gamma" 
:2384645:5071985:159307904:3484:"all.equal.numeric" "all.equal" "isSymmetric.matrix" "isSymmetric" "standardGeneric" "isSymmetric" ".m2sparse.checking" "asMethod" "as" "asCspN" ".M2T" "FUN" "lapply" "standardGeneric" "unname" ".bdiag" ".M2C" "Matrix::bdiag" "standardGeneric" "as.matrix" "draw_gamma" 
:2417280:5133138:166506648:2132:"t" "standardGeneric" "t" "draw_gamma" 
:2482127:5133138:175175728:3960:"t" "standardGeneric" "t" "draw_gamma" 
:2550835:5133138:184361296:4196:"t" "standardGeneric" "t" "draw_gamma" 
:2612438:5152338:192585680:3760:"*" "draw_gamma" 
:2717972:5152338:200550896:3328:
:2819731:5160067:208857712:3687:"solve.default" "solve" "standardGeneric" "solve" 
:2891073:5320495:218719592:4496:"all.equal.list" "all.equal" "attr.all.equal" "all.equal.numeric" "all.equal" "isSymmetric.matrix" "isSymmetric" "standardGeneric" "isSymmetric" ".m2sparse.checking" "asMethod" "as" "asCspN" ".M2T" "FUN" "lapply" "standardGeneric" "unname" ".bdiag" ".M2C" "Matrix::bdiag" "standardGeneric" "as.matrix" "draw_gamma" 
:2904697:5320495:222537224:1226:"isSymmetric.matrix" "isSymmetric" "standardGeneric" "isSymmetric" ".m2sparse.checking" "asMethod" "as" "asCspN" ".M2T" "FUN" "lapply" "standardGeneric" "unname" ".bdiag" ".M2C" "Matrix::bdiag" "standardGeneric" "as.matrix" "draw_gamma" 
:2935423:5321747:231301616:2631:"FUN" "lapply" "unlist" ".bdiag" ".M2C" "Matrix::bdiag" "standardGeneric" "as.matrix" "draw_gamma" 
:3041257:5381648:244797112:6011:"t" "standardGeneric" "t" "draw_gamma" 
:2299948:4995968:147967904:4786:"t" "standardGeneric" "t" "draw_gamma" 
:2441396:5015168:159822600:5062:
:2570062:5115222:171727080:5627:".C" "rpg" 
:2624800:5183325:184071104:4362:"all.equal.numeric" "all.equal" "isSymmetric.matrix" "isSymmetric" "standardGeneric" "isSymmetric" ".m2sparse.checking" "asMethod" "as" "asCspN" ".M2T" "FUN" "lapply" "standardGeneric" "unname" ".bdiag" ".M2C" "Matrix::bdiag" "standardGeneric" "as.matrix" "draw_gamma" 
:2669990:5244478:192308872:2729:"t" "standardGeneric" "t" "draw_gamma" 
:2726902:5244478:199916584:3475:"standardGeneric" "t" "draw_gamma" 
:2798544:5244478:209495328:4374:"t" "standardGeneric" "t" "draw_gamma" 
:2889025:5263678:219190440:4311:
:2990809:5263678:226870616:3210:
:3088876:5290243:236461400:4751:
:3125227:5431835:241839024:2141:".findMethodInTable" ".quickCoerceSelect" "as" "asCspN" ".M2T" "FUN" "lapply" "standardGeneric" "unname" ".bdiag" ".M2C" "Matrix::bdiag" "standardGeneric" "as.matrix" "draw_gamma" 
:2228740:5043125:139342224:1539:
:2255621:5048435:144756640:2314:"FUN" "vapply" "%in%" "str.default" "str" "doTryCatch" "tryCatchOne" "tryCatchList" "tryCatch" "try" "...elt" "withVisible" "capture.output" "doTryCatch" "tryCatchOne" "tryCatchList" "tryCatch" ".rs.withTimeLimit" ".rs.valueFromStr" ".rs.valueContentsImpl" "doTryCatch" "tryCatchOne" "tryCatchList" "tryCatch" ".rs.valueContents" ".rs.describeObject" 
:2314327:5061704:154648480:3444:"options" "str.default" "str" "<Anonymous>" "do.call" "strSub" "str.default" "str" "doTryCatch" "tryCatchOne" "tryCatchList" "tryCatch" "try" "...elt" "withVisible" "capture.output" "doTryCatch" "tryCatchOne" "tryCatchList" "tryCatch" ".rs.withTimeLimit" ".rs.valueFromStr" ".rs.valueContentsImpl" "doTryCatch" "tryCatchOne" "tryCatchList" "tryCatch" ".rs.valueContents" ".rs.describeObject" 
:2369179:5071982:163647960:3724:"vapply" "prettyNum" "format.default" "format" "format.fun" "paste" "nchar.w" "maybe_truncate" "formObj" "cat" "str.default" "str" "doTryCatch" "tryCatchOne" "tryCatchList" "tryCatch" "try" "...elt" "withVisible" "capture.output" "doTryCatch" "tryCatchOne" "tryCatchList" "tryCatch" ".rs.withTimeLimit" ".rs.valueFromStr" ".rs.valueAsStringImpl" "doTryCatch" "tryCatchOne" "tryCatchList" "tryCatch" ".rs.valueAsString" ".rs.describeObject" 
:2386854:5073922:167183968:1600:".rs.describeObject" 
:2408567:5076050:171339392:1923:"str.default" "str" "doTryCatch" "tryCatchOne" "tryCatchList" "tryCatch" "try" "...elt" "withVisible" "capture.output" "doTryCatch" "tryCatchOne" "tryCatchList" "tryCatch" ".rs.withTimeLimit" ".rs.valueFromStr" ".rs.valueDescriptionImpl" "doTryCatch" "tryCatchOne" "tryCatchList" "tryCatch" ".rs.valueDescription" ".rs.describeObject" 
:2413691:5076582:172440744:515:
:2413691:5076582:172440744:0:
:2413691:5076582:172440856:0:
:2413691:5076582:172440856:0:
:2413691:5076582:172440968:0:
:2413691:5076582:172440968:0:
:2413691:5076582:172441080:0:
:2413691:5076582:172441080:0:
:2413691:5076582:172441192:0:
:2413691:5076582:172441192:0:
:2413691:5076582:172441304:0:
:2413691:5076582:172441304:0:
:2413691:5076582:172441416:0:
:2413691:5076582:172441416:0:
:2413691:5076582:172441528:0:
:2413691:5076582:172441528:0:
:2413691:5076582:172441640:0:
:2413691:5076582:172441640:0:
:2413691:5076582:172441752:0:
:2413691:5076582:172441752:0:
:2413691:5076582:172441864:0:
:2413691:5076582:172441864:0:
